2023-09-16 12:34:09,386:WARNING:
'cuml' is a soft dependency and not included in the pycaret installation. Please run: `pip install cuml` to install.
2023-09-16 12:34:09,386:WARNING:
'cuml' is a soft dependency and not included in the pycaret installation. Please run: `pip install cuml` to install.
2023-09-16 12:34:09,387:WARNING:
'cuml' is a soft dependency and not included in the pycaret installation. Please run: `pip install cuml` to install.
2023-09-16 12:34:09,387:WARNING:
'cuml' is a soft dependency and not included in the pycaret installation. Please run: `pip install cuml` to install.
2023-09-16 12:34:12,976:WARNING:
'prophet' is a soft dependency and not included in the pycaret installation. Please run: `pip install prophet` to install.
2023-09-16 12:34:16,218:INFO:Initializing load_model()
2023-09-16 12:34:16,229:INFO:load_model(model_name=model/PyC_MASTER_MAY_11_Low_Miles_NO-RPM, platform=None, authentication=None, verbose=True)
2023-09-16 12:34:16,285:WARNING:/opt/anaconda3/envs/my_env/lib/python3.8/site-packages/pycaret/internal/pipeline.py:135: UserWarning: Version mismatch:
current: {'deps_info': {'pip': '23.2.1', 'setuptools': '47.3.1.post20200616', 'pycaret': '3.0.0', 'IPython': '8.12.0', 'ipywidgets': '8.0.6', 'tqdm': '4.65.0', 'numpy': '1.24.2', 'pandas': '1.5.3', 'jinja2': '3.1.2', 'scipy': '1.10.1', 'joblib': '1.2.0', 'sklearn': '1.2.2', 'pyod': '1.0.9', 'imblearn': '0.10.1', 'category_encoders': '2.6.0', 'lightgbm': '3.3.5', 'numba': '0.56.4', 'requests': '2.28.2', 'matplotlib': '3.7.1', 'scikitplot': '0.3.7', 'yellowbrick': '1.5', 'plotly': '5.14.0', 'kaleido': '0.2.1', 'statsmodels': '0.13.5', 'sktime': '0.16.1', 'tbats': '1.1.2', 'pmdarima': '2.0.3', 'psutil': '5.9.4'}, 'python': {'version': '3.8.3', 'machine': 'x86_64'}}
pickle: {'deps_info': {'pip': '22.3.1', 'setuptools': '65.6.3', 'pycaret': '3.0.0', 'IPython': '8.12.0', 'ipywidgets': '7.7.5', 'tqdm': '4.65.0', 'numpy': '1.24.2', 'pandas': '1.5.3', 'jinja2': '3.1.2', 'scipy': '1.9.1', 'joblib': '1.2.0', 'sklearn': '1.2.2', 'pyod': '1.0.9', 'imblearn': '0.10.1', 'category_encoders': '2.6.0', 'lightgbm': '3.3.5', 'numba': '0.57.0', 'requests': '2.28.2', 'matplotlib': '3.7.1', 'scikitplot': '0.3.7', 'yellowbrick': '1.5', 'plotly': '5.14.1', 'kaleido': '0.2.1', 'statsmodels': '0.14.0', 'sktime': '0.18.0', 'tbats': '1.1.3', 'pmdarima': '2.0.3', 'psutil': '5.9.4'}, 'python': {'version': '3.8.5', 'machine': 'x86_64'}}
  warnings.warn(

2023-09-16 12:34:37,168:INFO:Initializing predict_model()
2023-09-16 12:34:37,168:INFO:predict_model(self=<pycaret.regression.oop.RegressionExperiment object at 0x7f7947281040>, estimator=Pipeline(memory=FastMemory(location=/tmp/joblib),
         steps=[('numerical_imputer',
                 TransformerWrapper(include=['Miles'],
                                    transformer=SimpleImputer())),
                ('categorical_imputer',
                 TransformerWrapper(include=['Origin City', 'Origin State',
                                             'Delivery City', 'Delivery State',
                                             'Origin KMA', 'Delivery KMA',
                                             'LANE'],
                                    transformer=SimpleImputer(strategy='most_frequent'))),
                ('onehot_...
                                                                         'City',
                                                                         'Origin '
                                                                         'KMA',
                                                                         'Delivery '
                                                                         'KMA',
                                                                         'LANE'],
                                                                   handle_missing='return_nan',
                                                                   random_state=123))),
                ('transformation',
                 TransformerWrapper(transformer=PowerTransformer(standardize=False))),
                ('normalize', TransformerWrapper(transformer=StandardScaler())),
                ('clean_column_names',
                 TransformerWrapper(transformer=CleanColumnNames())),
                ('trained_model', BayesianRidge())]), probability_threshold=None, encoded_labels=False, raw_score=False, round=4, verbose=True, ml_usecase=None, preprocess=True, replace_labels_in_column=<function _SupervisedExperiment.predict_model.<locals>.replace_labels_in_column at 0x7f794722fb80>)
2023-09-16 12:34:37,168:INFO:Checking exceptions
2023-09-16 12:34:37,168:INFO:Preloading libraries
2023-09-16 12:34:37,169:INFO:Set up data.
2023-09-16 12:34:37,177:INFO:Set up index.
2023-09-16 12:35:55,858:INFO:Initializing predict_model()
2023-09-16 12:35:55,862:INFO:predict_model(self=<pycaret.regression.oop.RegressionExperiment object at 0x7f79472849d0>, estimator=Pipeline(memory=FastMemory(location=/tmp/joblib),
         steps=[('numerical_imputer',
                 TransformerWrapper(include=['Miles'],
                                    transformer=SimpleImputer())),
                ('categorical_imputer',
                 TransformerWrapper(include=['Origin City', 'Origin State',
                                             'Delivery City', 'Delivery State',
                                             'Origin KMA', 'Delivery KMA',
                                             'LANE'],
                                    transformer=SimpleImputer(strategy='most_frequent'))),
                ('onehot_...
                                                                         'City',
                                                                         'Origin '
                                                                         'KMA',
                                                                         'Delivery '
                                                                         'KMA',
                                                                         'LANE'],
                                                                   handle_missing='return_nan',
                                                                   random_state=123))),
                ('transformation',
                 TransformerWrapper(transformer=PowerTransformer(standardize=False))),
                ('normalize', TransformerWrapper(transformer=StandardScaler())),
                ('clean_column_names',
                 TransformerWrapper(transformer=CleanColumnNames())),
                ('trained_model', BayesianRidge())]), probability_threshold=None, encoded_labels=False, raw_score=False, round=4, verbose=True, ml_usecase=None, preprocess=True, replace_labels_in_column=<function _SupervisedExperiment.predict_model.<locals>.replace_labels_in_column at 0x7f79472ae940>)
2023-09-16 12:35:55,862:INFO:Checking exceptions
2023-09-16 12:35:55,862:INFO:Preloading libraries
2023-09-16 12:35:55,863:INFO:Set up data.
2023-09-16 12:35:55,876:INFO:Set up index.
2023-09-20 22:27:06,651:WARNING:
'cuml' is a soft dependency and not included in the pycaret installation. Please run: `pip install cuml` to install.
2023-09-20 22:27:06,652:WARNING:
'cuml' is a soft dependency and not included in the pycaret installation. Please run: `pip install cuml` to install.
2023-09-20 22:27:06,652:WARNING:
'cuml' is a soft dependency and not included in the pycaret installation. Please run: `pip install cuml` to install.
2023-09-20 22:27:06,652:WARNING:
'cuml' is a soft dependency and not included in the pycaret installation. Please run: `pip install cuml` to install.
2023-09-20 22:27:07,031:INFO:Initializing load_model()
2023-09-20 22:27:07,031:INFO:load_model(model_name=model/PyC_MASTER_MAY_11_Low_Miles_NO-RPM, platform=None, authentication=None, verbose=True)
2023-09-20 22:27:07,068:WARNING:/home/eurus/.local/lib/python3.8/site-packages/pycaret/internal/pipeline.py:139: UserWarning: Version mismatch:
current: {'deps_info': {'pip': '20.0.2', 'setuptools': '45.2.0', 'pycaret': '3.1.0', 'IPython': '8.12.2', 'ipywidgets': '8.1.1', 'tqdm': '4.66.1', 'numpy': '1.23.5', 'pandas': '1.5.3', 'jinja2': '3.1.2', 'scipy': '1.10.1', 'joblib': '1.3.2', 'sklearn': '1.2.2', 'pyod': '1.1.0', 'imblearn': '0.11.0', 'category_encoders': '2.6.2', 'lightgbm': '4.1.0', 'numba': '0.57.1', 'requests': '2.22.0', 'matplotlib': '3.7.3', 'scikitplot': '0.3.7', 'yellowbrick': '1.5', 'plotly': '5.17.0', 'plotly-resampler': 'Not installed', 'kaleido': '0.2.1', 'schemdraw': '0.15', 'statsmodels': '0.14.0', 'sktime': '0.21.1', 'tbats': '1.1.3', 'pmdarima': '2.0.3', 'psutil': '5.9.5', 'markupsafe': '1.1.0', 'pickle5': 'Not installed', 'cloudpickle': '2.2.1', 'deprecation': '2.1.0', 'xxhash': '3.3.0', 'wurlitzer': '3.0.3'}, 'python': {'version': '3.8.10', 'machine': 'x86_64'}}
pickle: {'deps_info': {'pip': '22.3.1', 'setuptools': '65.6.3', 'pycaret': '3.0.0', 'IPython': '8.12.0', 'ipywidgets': '7.7.5', 'tqdm': '4.65.0', 'numpy': '1.24.2', 'pandas': '1.5.3', 'jinja2': '3.1.2', 'scipy': '1.9.1', 'joblib': '1.2.0', 'sklearn': '1.2.2', 'pyod': '1.0.9', 'imblearn': '0.10.1', 'category_encoders': '2.6.0', 'lightgbm': '3.3.5', 'numba': '0.57.0', 'requests': '2.28.2', 'matplotlib': '3.7.1', 'scikitplot': '0.3.7', 'yellowbrick': '1.5', 'plotly': '5.14.1', 'kaleido': '0.2.1', 'statsmodels': '0.14.0', 'sktime': '0.18.0', 'tbats': '1.1.3', 'pmdarima': '2.0.3', 'psutil': '5.9.4'}, 'python': {'version': '3.8.5', 'machine': 'x86_64'}}
  warnings.warn(

2023-09-20 22:27:33,033:INFO:Initializing predict_model()
2023-09-20 22:27:33,033:INFO:predict_model(self=<pycaret.regression.oop.RegressionExperiment object at 0x7ff102c000d0>, estimator=Pipeline(memory=FastMemory(location=/tmp/joblib),
         steps=[('numerical_imputer',
                 TransformerWrapper(include=['Miles'],
                                    transformer=SimpleImputer())),
                ('categorical_imputer',
                 TransformerWrapper(include=['Origin City', 'Origin State',
                                             'Delivery City', 'Delivery State',
                                             'Origin KMA', 'Delivery KMA',
                                             'LANE'],
                                    transformer=SimpleImputer(strategy='most_frequent'))),
                ('onehot_...
                                                                         'City',
                                                                         'Origin '
                                                                         'KMA',
                                                                         'Delivery '
                                                                         'KMA',
                                                                         'LANE'],
                                                                   handle_missing='return_nan',
                                                                   random_state=123))),
                ('transformation',
                 TransformerWrapper(transformer=PowerTransformer(standardize=False))),
                ('normalize', TransformerWrapper(transformer=StandardScaler())),
                ('clean_column_names',
                 TransformerWrapper(transformer=CleanColumnNames())),
                ('trained_model', BayesianRidge())]), probability_threshold=None, encoded_labels=False, raw_score=False, round=4, verbose=True, ml_usecase=None, preprocess=True, encode_labels=<function _SupervisedExperiment.predict_model.<locals>.encode_labels at 0x7ff103329b80>)
2023-09-20 22:27:33,033:INFO:Checking exceptions
2023-09-20 22:27:33,033:INFO:Preloading libraries
2023-09-20 22:27:33,033:INFO:Set up data.
2023-09-20 22:27:33,041:INFO:Set up index.
2023-09-20 22:28:05,195:INFO:Initializing predict_model()
2023-09-20 22:28:05,195:INFO:predict_model(self=<pycaret.regression.oop.RegressionExperiment object at 0x7ff102b7caf0>, estimator=Pipeline(memory=FastMemory(location=/tmp/joblib),
         steps=[('numerical_imputer',
                 TransformerWrapper(include=['Miles'],
                                    transformer=SimpleImputer())),
                ('categorical_imputer',
                 TransformerWrapper(include=['Origin City', 'Origin State',
                                             'Delivery City', 'Delivery State',
                                             'Origin KMA', 'Delivery KMA',
                                             'LANE'],
                                    transformer=SimpleImputer(strategy='most_frequent'))),
                ('onehot_...
                                                                         'City',
                                                                         'Origin '
                                                                         'KMA',
                                                                         'Delivery '
                                                                         'KMA',
                                                                         'LANE'],
                                                                   handle_missing='return_nan',
                                                                   random_state=123))),
                ('transformation',
                 TransformerWrapper(transformer=PowerTransformer(standardize=False))),
                ('normalize', TransformerWrapper(transformer=StandardScaler())),
                ('clean_column_names',
                 TransformerWrapper(transformer=CleanColumnNames())),
                ('trained_model', BayesianRidge())]), probability_threshold=None, encoded_labels=False, raw_score=False, round=4, verbose=True, ml_usecase=None, preprocess=True, encode_labels=<function _SupervisedExperiment.predict_model.<locals>.encode_labels at 0x7ff102bad310>)
2023-09-20 22:28:05,195:INFO:Checking exceptions
2023-09-20 22:28:05,195:INFO:Preloading libraries
2023-09-20 22:28:05,195:INFO:Set up data.
2023-09-20 22:28:05,254:INFO:Set up index.
2023-09-20 22:35:28,073:WARNING:
'cuml' is a soft dependency and not included in the pycaret installation. Please run: `pip install cuml` to install.
2023-09-20 22:35:28,073:WARNING:
'cuml' is a soft dependency and not included in the pycaret installation. Please run: `pip install cuml` to install.
2023-09-20 22:35:28,073:WARNING:
'cuml' is a soft dependency and not included in the pycaret installation. Please run: `pip install cuml` to install.
2023-09-20 22:35:28,073:WARNING:
'cuml' is a soft dependency and not included in the pycaret installation. Please run: `pip install cuml` to install.
2023-09-20 22:35:28,798:INFO:Initializing load_model()
2023-09-20 22:35:28,798:INFO:load_model(model_name=model/PyC_MASTER_MAY_11_Low_Miles_NO-RPM, platform=None, authentication=None, verbose=True)
2023-09-20 22:35:28,951:WARNING:/home/eurus/.local/lib/python3.8/site-packages/pycaret/internal/pipeline.py:139: UserWarning: Version mismatch:
current: {'deps_info': {'pip': '20.0.2', 'setuptools': '45.2.0', 'pycaret': '3.1.0', 'IPython': '8.12.2', 'ipywidgets': '8.1.1', 'tqdm': '4.66.1', 'numpy': '1.23.5', 'pandas': '1.5.3', 'jinja2': '3.1.2', 'scipy': '1.10.1', 'joblib': '1.3.2', 'sklearn': '1.2.2', 'pyod': '1.1.0', 'imblearn': '0.11.0', 'category_encoders': '2.6.2', 'lightgbm': '4.1.0', 'numba': '0.57.1', 'requests': '2.22.0', 'matplotlib': '3.7.3', 'scikitplot': '0.3.7', 'yellowbrick': '1.5', 'plotly': '5.17.0', 'plotly-resampler': 'Not installed', 'kaleido': '0.2.1', 'schemdraw': '0.15', 'statsmodels': '0.14.0', 'sktime': '0.21.1', 'tbats': '1.1.3', 'pmdarima': '2.0.3', 'psutil': '5.9.5', 'markupsafe': '1.1.0', 'pickle5': 'Not installed', 'cloudpickle': '2.2.1', 'deprecation': '2.1.0', 'xxhash': '3.3.0', 'wurlitzer': '3.0.3'}, 'python': {'version': '3.8.10', 'machine': 'x86_64'}}
pickle: {'deps_info': {'pip': '22.3.1', 'setuptools': '65.6.3', 'pycaret': '3.0.0', 'IPython': '8.12.0', 'ipywidgets': '7.7.5', 'tqdm': '4.65.0', 'numpy': '1.24.2', 'pandas': '1.5.3', 'jinja2': '3.1.2', 'scipy': '1.9.1', 'joblib': '1.2.0', 'sklearn': '1.2.2', 'pyod': '1.0.9', 'imblearn': '0.10.1', 'category_encoders': '2.6.0', 'lightgbm': '3.3.5', 'numba': '0.57.0', 'requests': '2.28.2', 'matplotlib': '3.7.1', 'scikitplot': '0.3.7', 'yellowbrick': '1.5', 'plotly': '5.14.1', 'kaleido': '0.2.1', 'statsmodels': '0.14.0', 'sktime': '0.18.0', 'tbats': '1.1.3', 'pmdarima': '2.0.3', 'psutil': '5.9.4'}, 'python': {'version': '3.8.5', 'machine': 'x86_64'}}
  warnings.warn(

2023-09-20 22:40:07,457:WARNING:
'cuml' is a soft dependency and not included in the pycaret installation. Please run: `pip install cuml` to install.
2023-09-20 22:40:07,457:WARNING:
'cuml' is a soft dependency and not included in the pycaret installation. Please run: `pip install cuml` to install.
2023-09-20 22:40:07,457:WARNING:
'cuml' is a soft dependency and not included in the pycaret installation. Please run: `pip install cuml` to install.
2023-09-20 22:40:07,457:WARNING:
'cuml' is a soft dependency and not included in the pycaret installation. Please run: `pip install cuml` to install.
2023-09-20 22:40:07,779:INFO:Initializing load_model()
2023-09-20 22:40:07,779:INFO:load_model(model_name=model/PyC_MASTER_MAY_11_Low_Miles_NO-RPM, platform=None, authentication=None, verbose=True)
2023-09-20 22:40:07,807:WARNING:/home/eurus/.local/lib/python3.8/site-packages/pycaret/internal/pipeline.py:139: UserWarning: Version mismatch:
current: {'deps_info': {'pip': '20.0.2', 'setuptools': '45.2.0', 'pycaret': '3.1.0', 'IPython': '8.12.2', 'ipywidgets': '8.1.1', 'tqdm': '4.66.1', 'numpy': '1.23.5', 'pandas': '1.5.3', 'jinja2': '3.1.2', 'scipy': '1.10.1', 'joblib': '1.3.2', 'sklearn': '1.2.2', 'pyod': '1.1.0', 'imblearn': '0.11.0', 'category_encoders': '2.6.2', 'lightgbm': '4.1.0', 'numba': '0.57.1', 'requests': '2.22.0', 'matplotlib': '3.7.3', 'scikitplot': '0.3.7', 'yellowbrick': '1.5', 'plotly': '5.17.0', 'plotly-resampler': 'Not installed', 'kaleido': '0.2.1', 'schemdraw': '0.15', 'statsmodels': '0.14.0', 'sktime': '0.21.1', 'tbats': '1.1.3', 'pmdarima': '2.0.3', 'psutil': '5.9.5', 'markupsafe': '1.1.0', 'pickle5': 'Not installed', 'cloudpickle': '2.2.1', 'deprecation': '2.1.0', 'xxhash': '3.3.0', 'wurlitzer': '3.0.3'}, 'python': {'version': '3.8.10', 'machine': 'x86_64'}}
pickle: {'deps_info': {'pip': '22.3.1', 'setuptools': '65.6.3', 'pycaret': '3.0.0', 'IPython': '8.12.0', 'ipywidgets': '7.7.5', 'tqdm': '4.65.0', 'numpy': '1.24.2', 'pandas': '1.5.3', 'jinja2': '3.1.2', 'scipy': '1.9.1', 'joblib': '1.2.0', 'sklearn': '1.2.2', 'pyod': '1.0.9', 'imblearn': '0.10.1', 'category_encoders': '2.6.0', 'lightgbm': '3.3.5', 'numba': '0.57.0', 'requests': '2.28.2', 'matplotlib': '3.7.1', 'scikitplot': '0.3.7', 'yellowbrick': '1.5', 'plotly': '5.14.1', 'kaleido': '0.2.1', 'statsmodels': '0.14.0', 'sktime': '0.18.0', 'tbats': '1.1.3', 'pmdarima': '2.0.3', 'psutil': '5.9.4'}, 'python': {'version': '3.8.5', 'machine': 'x86_64'}}
  warnings.warn(

2023-09-20 22:40:15,496:INFO:Initializing predict_model()
2023-09-20 22:40:15,496:INFO:predict_model(self=<pycaret.regression.oop.RegressionExperiment object at 0x7fc295c7e850>, estimator=Pipeline(memory=FastMemory(location=/tmp/joblib),
         steps=[('numerical_imputer',
                 TransformerWrapper(include=['Miles'],
                                    transformer=SimpleImputer())),
                ('categorical_imputer',
                 TransformerWrapper(include=['Origin City', 'Origin State',
                                             'Delivery City', 'Delivery State',
                                             'Origin KMA', 'Delivery KMA',
                                             'LANE'],
                                    transformer=SimpleImputer(strategy='most_frequent'))),
                ('onehot_...
                                                                         'City',
                                                                         'Origin '
                                                                         'KMA',
                                                                         'Delivery '
                                                                         'KMA',
                                                                         'LANE'],
                                                                   handle_missing='return_nan',
                                                                   random_state=123))),
                ('transformation',
                 TransformerWrapper(transformer=PowerTransformer(standardize=False))),
                ('normalize', TransformerWrapper(transformer=StandardScaler())),
                ('clean_column_names',
                 TransformerWrapper(transformer=CleanColumnNames())),
                ('trained_model', BayesianRidge())]), probability_threshold=None, encoded_labels=False, raw_score=False, round=4, verbose=True, ml_usecase=None, preprocess=True, encode_labels=<function _SupervisedExperiment.predict_model.<locals>.encode_labels at 0x7fc2963a7b80>)
2023-09-20 22:40:15,497:INFO:Checking exceptions
2023-09-20 22:40:15,497:INFO:Preloading libraries
2023-09-20 22:40:15,497:INFO:Set up data.
2023-09-20 22:40:15,508:INFO:Set up index.
2023-09-20 22:45:51,776:INFO:Initializing predict_model()
2023-09-20 22:45:51,776:INFO:predict_model(self=<pycaret.regression.oop.RegressionExperiment object at 0x7fc295c7e730>, estimator=Pipeline(memory=FastMemory(location=/tmp/joblib),
         steps=[('numerical_imputer',
                 TransformerWrapper(include=['Miles'],
                                    transformer=SimpleImputer())),
                ('categorical_imputer',
                 TransformerWrapper(include=['Origin City', 'Origin State',
                                             'Delivery City', 'Delivery State',
                                             'Origin KMA', 'Delivery KMA',
                                             'LANE'],
                                    transformer=SimpleImputer(strategy='most_frequent'))),
                ('onehot_...
                                                                         'City',
                                                                         'Origin '
                                                                         'KMA',
                                                                         'Delivery '
                                                                         'KMA',
                                                                         'LANE'],
                                                                   handle_missing='return_nan',
                                                                   random_state=123))),
                ('transformation',
                 TransformerWrapper(transformer=PowerTransformer(standardize=False))),
                ('normalize', TransformerWrapper(transformer=StandardScaler())),
                ('clean_column_names',
                 TransformerWrapper(transformer=CleanColumnNames())),
                ('trained_model', BayesianRidge())]), probability_threshold=None, encoded_labels=False, raw_score=False, round=4, verbose=True, ml_usecase=None, preprocess=True, encode_labels=<function _SupervisedExperiment.predict_model.<locals>.encode_labels at 0x7fc295bc83a0>)
2023-09-20 22:45:51,776:INFO:Checking exceptions
2023-09-20 22:45:51,776:INFO:Preloading libraries
2023-09-20 22:45:51,776:INFO:Set up data.
2023-09-20 22:45:51,788:INFO:Set up index.
2023-09-20 22:51:23,043:WARNING:
'cuml' is a soft dependency and not included in the pycaret installation. Please run: `pip install cuml` to install.
2023-09-20 22:51:23,043:WARNING:
'cuml' is a soft dependency and not included in the pycaret installation. Please run: `pip install cuml` to install.
2023-09-20 22:51:23,043:WARNING:
'cuml' is a soft dependency and not included in the pycaret installation. Please run: `pip install cuml` to install.
2023-09-20 22:51:23,043:WARNING:
'cuml' is a soft dependency and not included in the pycaret installation. Please run: `pip install cuml` to install.
2023-09-20 22:51:23,262:INFO:Initializing load_model()
2023-09-20 22:51:23,263:INFO:load_model(model_name=model/PyC_MASTER_MAY_11_Low_Miles_NO-RPM, platform=None, authentication=None, verbose=True)
2023-09-20 22:51:23,288:WARNING:/home/eurus/.local/lib/python3.8/site-packages/pycaret/internal/pipeline.py:139: UserWarning: Version mismatch:
current: {'deps_info': {'pip': '20.0.2', 'setuptools': '45.2.0', 'pycaret': '3.1.0', 'IPython': '8.12.2', 'ipywidgets': '8.1.1', 'tqdm': '4.66.1', 'numpy': '1.23.5', 'pandas': '1.5.3', 'jinja2': '3.1.2', 'scipy': '1.10.1', 'joblib': '1.3.2', 'sklearn': '1.2.2', 'pyod': '1.1.0', 'imblearn': '0.11.0', 'category_encoders': '2.6.2', 'lightgbm': '4.1.0', 'numba': '0.57.1', 'requests': '2.22.0', 'matplotlib': '3.7.3', 'scikitplot': '0.3.7', 'yellowbrick': '1.5', 'plotly': '5.17.0', 'plotly-resampler': 'Not installed', 'kaleido': '0.2.1', 'schemdraw': '0.15', 'statsmodels': '0.14.0', 'sktime': '0.21.1', 'tbats': '1.1.3', 'pmdarima': '2.0.3', 'psutil': '5.9.5', 'markupsafe': '1.1.0', 'pickle5': 'Not installed', 'cloudpickle': '2.2.1', 'deprecation': '2.1.0', 'xxhash': '3.3.0', 'wurlitzer': '3.0.3'}, 'python': {'version': '3.8.10', 'machine': 'x86_64'}}
pickle: {'deps_info': {'pip': '22.3.1', 'setuptools': '65.6.3', 'pycaret': '3.0.0', 'IPython': '8.12.0', 'ipywidgets': '7.7.5', 'tqdm': '4.65.0', 'numpy': '1.24.2', 'pandas': '1.5.3', 'jinja2': '3.1.2', 'scipy': '1.9.1', 'joblib': '1.2.0', 'sklearn': '1.2.2', 'pyod': '1.0.9', 'imblearn': '0.10.1', 'category_encoders': '2.6.0', 'lightgbm': '3.3.5', 'numba': '0.57.0', 'requests': '2.28.2', 'matplotlib': '3.7.1', 'scikitplot': '0.3.7', 'yellowbrick': '1.5', 'plotly': '5.14.1', 'kaleido': '0.2.1', 'statsmodels': '0.14.0', 'sktime': '0.18.0', 'tbats': '1.1.3', 'pmdarima': '2.0.3', 'psutil': '5.9.4'}, 'python': {'version': '3.8.5', 'machine': 'x86_64'}}
  warnings.warn(

